<?xml version="1.0" encoding="UTF-8" ?>
<testsuite tests="3" failures="1" name="com.asset.vodafone.npc.core.handler.Test.TestNPCProcessHandler" time="16.707" errors="1" skipped="0">
  <properties>
    <property name="java.runtime.name" value="Java(TM) SE Runtime Environment"/>
    <property name="sun.boot.library.path" value="C:\Program Files\Java\jdk1.8.0_60\jre\bin"/>
    <property name="java.vm.version" value="25.60-b23"/>
    <property name="java.vm.vendor" value="Oracle Corporation"/>
    <property name="maven.multiModuleProjectDirectory" value="C:\Users\mohammed.hamdy\Downloads\Vodafone MNP Deliverables\Src Code\npc-vodafone\vodafone-mnp-runner"/>
    <property name="java.vendor.url" value="http://java.oracle.com/"/>
    <property name="path.separator" value=";"/>
    <property name="guice.disable.misplaced.annotation.check" value="true"/>
    <property name="java.vm.name" value="Java HotSpot(TM) 64-Bit Server VM"/>
    <property name="file.encoding.pkg" value="sun.io"/>
    <property name="user.script" value=""/>
    <property name="user.country" value="US"/>
    <property name="sun.java.launcher" value="SUN_STANDARD"/>
    <property name="sun.os.patch.level" value=""/>
    <property name="java.vm.specification.name" value="Java Virtual Machine Specification"/>
    <property name="user.dir" value="C:\Users\mohammed.hamdy\Downloads\Vodafone MNP Deliverables\Src Code\npc-vodafone\vodafone-mnp-runner"/>
    <property name="java.runtime.version" value="1.8.0_60-b27"/>
    <property name="java.awt.graphicsenv" value="sun.awt.Win32GraphicsEnvironment"/>
    <property name="java.endorsed.dirs" value="C:\Program Files\Java\jdk1.8.0_60\jre\lib\endorsed"/>
    <property name="os.arch" value="amd64"/>
    <property name="java.io.tmpdir" value="C:\Users\MOHAMM~1.HAM\AppData\Local\Temp\"/>
    <property name="line.separator" value="
"/>
    <property name="java.vm.specification.vendor" value="Oracle Corporation"/>
    <property name="user.variant" value=""/>
    <property name="os.name" value="Windows 10"/>
    <property name="classworlds.conf" value="C:\Users\mohammed.hamdy\eclipse-workspace\.metadata\.plugins\org.eclipse.m2e.launching\launches\m2conf2690765823559312659.tmp"/>
    <property name="sun.jnu.encoding" value="Cp1252"/>
    <property name="java.library.path" value="C:\Program Files\Java\jdk1.8.0_60\bin;C:\Windows\Sun\Java\bin;C:\Windows\system32;C:\Windows;C:/Program Files/Java/jdk1.8.0_60/bin/../jre/bin/server;C:/Program Files/Java/jdk1.8.0_60/bin/../jre/bin;C:/Program Files/Java/jdk1.8.0_60/bin/../jre/lib/amd64;C:\Program Files\Java\jdk1.8.0_60\bin;D:\app\mohammed.hamdy\product\12.1.0\dbhome_2\bin;C:\ProgramData\Oracle\Java\javapath;C:\Program Files (x86)\Intel\Intel(R) Management Engine Components\iCLS\;C:\Program Files\Intel\Intel(R) Management Engine Components\iCLS\;C:\Windows\system32;C:\Windows;C:\Windows\System32\Wbem;C:\Windows\System32\WindowsPowerShell\v1.0\;C:\Windows\System32\OpenSSH\;C:\Program Files (x86)\NVIDIA Corporation\PhysX\Common;C:\Program Files (x86)\Intel\Intel(R) Management Engine Components\DAL;C:\Program Files\Intel\Intel(R) Management Engine Components\DAL;C:\Program Files (x86)\Intel\Intel(R) Management Engine Components\IPT;C:\Program Files\Intel\Intel(R) Management Engine Components\IPT;C:\Program Files\PuTTY\;C:\Program Files\ojdkbuild\java-1.8.0-openjdk-1.8.0.161-1\bin;C:\Program Files\Git\cmd;C:\Users\mohammed.hamdy\AppData\Local\Microsoft\WindowsApps;;D:\IDEs\eclipse-jee-2019-12-R-win32-x86_64\eclipse;;."/>
    <property name="java.specification.name" value="Java Platform API Specification"/>
    <property name="java.class.version" value="52.0"/>
    <property name="sun.management.compiler" value="HotSpot 64-Bit Tiered Compilers"/>
    <property name="os.version" value="10.0"/>
    <property name="user.home" value="C:\Users\mohammed.hamdy"/>
    <property name="user.timezone" value="Africa/Cairo"/>
    <property name="java.awt.printerjob" value="sun.awt.windows.WPrinterJob"/>
    <property name="java.specification.version" value="1.8"/>
    <property name="file.encoding" value="Cp1252"/>
    <property name="user.name" value="mohammed.hamdy"/>
    <property name="java.class.path" value="D:\IDEs\eclipse-jee-2019-12-R-win32-x86_64\eclipse\plugins\org.eclipse.m2e.maven.runtime_1.15.0.20200120-1352\jars\plexus-classworlds-2.6.0.jar"/>
    <property name="java.vm.specification.version" value="1.8"/>
    <property name="sun.arch.data.model" value="64"/>
    <property name="java.home" value="C:\Program Files\Java\jdk1.8.0_60\jre"/>
    <property name="sun.java.command" value="org.codehaus.plexus.classworlds.launcher.Launcher -B install"/>
    <property name="java.specification.vendor" value="Oracle Corporation"/>
    <property name="user.language" value="en"/>
    <property name="awt.toolkit" value="sun.awt.windows.WToolkit"/>
    <property name="java.vm.info" value="mixed mode"/>
    <property name="java.version" value="1.8.0_60"/>
    <property name="java.ext.dirs" value="C:\Program Files\Java\jdk1.8.0_60\jre\lib\ext;C:\Windows\Sun\Java\lib\ext"/>
    <property name="sun.boot.class.path" value="C:\Program Files\Java\jdk1.8.0_60\jre\lib\resources.jar;C:\Program Files\Java\jdk1.8.0_60\jre\lib\rt.jar;C:\Program Files\Java\jdk1.8.0_60\jre\lib\sunrsasign.jar;C:\Program Files\Java\jdk1.8.0_60\jre\lib\jsse.jar;C:\Program Files\Java\jdk1.8.0_60\jre\lib\jce.jar;C:\Program Files\Java\jdk1.8.0_60\jre\lib\charsets.jar;C:\Program Files\Java\jdk1.8.0_60\jre\lib\jfr.jar;C:\Program Files\Java\jdk1.8.0_60\jre\classes"/>
    <property name="java.vendor" value="Oracle Corporation"/>
    <property name="maven.home" value="C:\Users\mohammed.hamdy\Downloads\Vodafone MNP Deliverables\Src Code\npc-vodafone\vodafone-mnp-runner\EMBEDDED"/>
    <property name="file.separator" value="\"/>
    <property name="java.vendor.url.bug" value="http://bugreport.sun.com/bugreport/"/>
    <property name="sun.cpu.endian" value="little"/>
    <property name="sun.io.unicode.encoding" value="UnicodeLittle"/>
    <property name="sun.desktop" value="windows"/>
    <property name="sun.cpu.isalist" value="amd64"/>
  </properties>
  <testcase classname="com.asset.vodafone.npc.core.handler.Test.TestNPCProcessHandler" name="testSendPendingMessage" time="10.516">
    <error message="[NPC_WEB_SERVICE_ERROR_01]: Error in sending npc message" type="[NPC_WEB_SERVICE_ERROR_01]">[NPC_WEB_SERVICE_ERROR_01]: Error in sending npc message
	at com.asset.vodafone.npc.core.handler.NPCProcessHandler.sendMessage(NPCProcessHandler.java:171)
	at com.asset.vodafone.npc.core.handler.Test.TestNPCProcessHandler.testSendPendingMessage(TestNPCProcessHandler.java:101)
	at sun.reflect.NativeMethodAccessorImpl.invoke0(Native Method)
	at sun.reflect.NativeMethodAccessorImpl.invoke(NativeMethodAccessorImpl.java:62)
	at sun.reflect.DelegatingMethodAccessorImpl.invoke(DelegatingMethodAccessorImpl.java:43)
	at java.lang.reflect.Method.invoke(Method.java:497)
	at org.junit.runners.model.FrameworkMethod$1.runReflectiveCall(FrameworkMethod.java:50)
	at org.junit.internal.runners.model.ReflectiveCallable.run(ReflectiveCallable.java:12)
	at org.junit.runners.model.FrameworkMethod.invokeExplosively(FrameworkMethod.java:47)
	at org.junit.internal.runners.statements.InvokeMethod.evaluate(InvokeMethod.java:17)
	at org.junit.internal.runners.statements.RunBefores.evaluate(RunBefores.java:26)
	at org.junit.runners.ParentRunner.runLeaf(ParentRunner.java:325)
	at org.junit.runners.BlockJUnit4ClassRunner.runChild(BlockJUnit4ClassRunner.java:78)
	at org.junit.runners.BlockJUnit4ClassRunner.runChild(BlockJUnit4ClassRunner.java:57)
	at org.junit.runners.ParentRunner$3.run(ParentRunner.java:290)
	at org.junit.runners.ParentRunner$1.schedule(ParentRunner.java:71)
	at org.junit.runners.ParentRunner.runChildren(ParentRunner.java:288)
	at org.junit.runners.ParentRunner.access$000(ParentRunner.java:58)
	at org.junit.runners.ParentRunner$2.evaluate(ParentRunner.java:268)
	at org.junit.runners.ParentRunner.run(ParentRunner.java:363)
	at org.apache.maven.surefire.junit4.JUnit4Provider.execute(JUnit4Provider.java:252)
	at org.apache.maven.surefire.junit4.JUnit4Provider.executeTestSet(JUnit4Provider.java:141)
	at org.apache.maven.surefire.junit4.JUnit4Provider.invoke(JUnit4Provider.java:112)
	at sun.reflect.NativeMethodAccessorImpl.invoke0(Native Method)
	at sun.reflect.NativeMethodAccessorImpl.invoke(NativeMethodAccessorImpl.java:62)
	at sun.reflect.DelegatingMethodAccessorImpl.invoke(DelegatingMethodAccessorImpl.java:43)
	at java.lang.reflect.Method.invoke(Method.java:497)
	at org.apache.maven.surefire.util.ReflectionUtils.invokeMethodWithArray(ReflectionUtils.java:189)
	at org.apache.maven.surefire.booter.ProviderFactory$ProviderProxy.invoke(ProviderFactory.java:165)
	at org.apache.maven.surefire.booter.ProviderFactory.invokeProvider(ProviderFactory.java:85)
	at org.apache.maven.surefire.booter.ForkedBooter.runSuitesInProcess(ForkedBooter.java:115)
	at org.apache.maven.surefire.booter.ForkedBooter.main(ForkedBooter.java:75)
Caused by: org.springframework.ws.client.WebServiceIOException: Error In Sending npc Message
	at com.asset.vodafone.npc.webservice.client.NPCWebserviceProxy.processNPCMsg(NPCWebserviceProxy.java:84)
	at com.asset.vodafone.npc.core.handler.NPCProcessHandler.sendMessage(NPCProcessHandler.java:166)
	... 31 more
</error>
    <system-out>20:48:50,521 |-INFO in ch.qos.logback.classic.LoggerContext[default] - Could NOT find resource [logback-test.xml]
20:48:50,521 |-INFO in ch.qos.logback.classic.LoggerContext[default] - Could NOT find resource [logback.groovy]
20:48:50,521 |-INFO in ch.qos.logback.classic.LoggerContext[default] - Found resource [logback.xml] at [file:/C:/Users/mohammed.hamdy/Downloads/Vodafone%20MNP%20Deliverables/Src%20Code/npc-vodafone/vodafone-mnp-runner/target/classes/logback.xml]
20:48:50,522 |-WARN in ch.qos.logback.classic.LoggerContext[default] - Resource [logback.xml] occurs multiple times on the classpath.
20:48:50,522 |-WARN in ch.qos.logback.classic.LoggerContext[default] - Resource [logback.xml] occurs at [jar:file:/C:/Users/mohammed.hamdy/.m2/repository/eg/com/vodafone/npc-webservice-wsdl/1.0.0-RELEASE/npc-webservice-wsdl-1.0.0-RELEASE.jar!/logback.xml]
20:48:50,522 |-WARN in ch.qos.logback.classic.LoggerContext[default] - Resource [logback.xml] occurs at [file:/C:/Users/mohammed.hamdy/Downloads/Vodafone%20MNP%20Deliverables/Src%20Code/npc-vodafone/vodafone-mnp-runner/target/classes/logback.xml]
20:48:50,522 |-WARN in ch.qos.logback.classic.LoggerContext[default] - Resource [logback.xml] occurs at [jar:file:/C:/Users/mohammed.hamdy/.m2/repository/eg/com/vodafone/ntra-npc-webservice-client/1.0.0-RELEASE/ntra-npc-webservice-client-1.0.0-RELEASE.jar!/logback.xml]
20:48:50,522 |-WARN in ch.qos.logback.classic.LoggerContext[default] - Resource [logback.xml] occurs at [jar:file:/C:/Users/mohammed.hamdy/.m2/repository/eg/com/vodafone/vodafone-mnp-core/1.0.0-SNAPSHOT/vodafone-mnp-core-1.0.0-SNAPSHOT.jar!/logback.xml]
20:48:50,575 |-INFO in ch.qos.logback.classic.joran.action.ConfigurationAction - debug attribute not set
20:48:50,576 |-INFO in ch.qos.logback.core.joran.action.AppenderAction - About to instantiate appender of type [ch.qos.logback.core.ConsoleAppender]
20:48:50,593 |-INFO in ch.qos.logback.core.joran.action.AppenderAction - Naming appender as [STDOUT]
20:48:50,599 |-INFO in ch.qos.logback.core.joran.action.NestedComplexPropertyIA - Assuming default type [ch.qos.logback.classic.encoder.PatternLayoutEncoder] for [encoder] property
20:48:50,639 |-INFO in ch.qos.logback.core.joran.action.AppenderAction - About to instantiate appender of type [ch.qos.logback.core.rolling.RollingFileAppender]
20:48:50,642 |-INFO in ch.qos.logback.core.joran.action.AppenderAction - Naming appender as [FILE-Error]
20:48:50,650 |-INFO in c.q.l.core.rolling.SizeAndTimeBasedRollingPolicy@979294118 - setting totalSizeCap to 20 GB
20:48:50,653 |-INFO in c.q.l.core.rolling.SizeAndTimeBasedRollingPolicy@979294118 - Archive files will be limited to [10 MB] each.
20:48:50,656 |-INFO in c.q.l.core.rolling.SizeAndTimeBasedRollingPolicy@979294118 - No compression will be used
20:48:50,657 |-INFO in c.q.l.core.rolling.SizeAndTimeBasedRollingPolicy@979294118 - Will use the pattern Logs/Archived/NPC_Process_Error.%d{dd-MM-yyyy}.%i.log for the active file
20:48:50,659 |-INFO in ch.qos.logback.core.rolling.SizeAndTimeBasedFNATP@6325a3ee - The date pattern is &apos;dd-MM-yyyy&apos; from file name pattern &apos;Logs/Archived/NPC_Process_Error.%d{dd-MM-yyyy}.%i.log&apos;.
20:48:50,659 |-INFO in ch.qos.logback.core.rolling.SizeAndTimeBasedFNATP@6325a3ee - Roll-over at midnight.
20:48:50,663 |-INFO in ch.qos.logback.core.rolling.SizeAndTimeBasedFNATP@6325a3ee - Setting initial period to Wed Jun 03 20:48:30 EET 2020
20:48:50,668 |-INFO in ch.qos.logback.core.joran.action.NestedComplexPropertyIA - Assuming default type [ch.qos.logback.classic.encoder.PatternLayoutEncoder] for [encoder] property
20:48:50,670 |-INFO in ch.qos.logback.core.rolling.RollingFileAppender[FILE-Error] - Active log file name: Logs/NPC_Process_Error.log
20:48:50,670 |-INFO in ch.qos.logback.core.rolling.RollingFileAppender[FILE-Error] - File property is set to [Logs/NPC_Process_Error.log]
20:48:50,672 |-INFO in ch.qos.logback.core.joran.action.AppenderAction - About to instantiate appender of type [ch.qos.logback.core.rolling.RollingFileAppender]
20:48:50,672 |-INFO in ch.qos.logback.core.joran.action.AppenderAction - Naming appender as [file_Debug]
20:48:50,673 |-INFO in c.q.l.core.rolling.SizeAndTimeBasedRollingPolicy@488044861 - setting totalSizeCap to 20 GB
20:48:50,673 |-INFO in c.q.l.core.rolling.SizeAndTimeBasedRollingPolicy@488044861 - Archive files will be limited to [10 MB] each.
20:48:50,673 |-INFO in c.q.l.core.rolling.SizeAndTimeBasedRollingPolicy@488044861 - No compression will be used
20:48:50,674 |-INFO in c.q.l.core.rolling.SizeAndTimeBasedRollingPolicy@488044861 - Will use the pattern Logs/Archived/NPC_Process_Debug.%d{dd-MM-yyyy}.%i.log for the active file
20:48:50,674 |-INFO in ch.qos.logback.core.rolling.SizeAndTimeBasedFNATP@67b92f0a - The date pattern is &apos;dd-MM-yyyy&apos; from file name pattern &apos;Logs/Archived/NPC_Process_Debug.%d{dd-MM-yyyy}.%i.log&apos;.
20:48:50,674 |-INFO in ch.qos.logback.core.rolling.SizeAndTimeBasedFNATP@67b92f0a - Roll-over at midnight.
20:48:50,675 |-INFO in ch.qos.logback.core.rolling.SizeAndTimeBasedFNATP@67b92f0a - Setting initial period to Wed Jun 03 20:48:31 EET 2020
20:48:50,677 |-INFO in ch.qos.logback.core.joran.action.NestedComplexPropertyIA - Assuming default type [ch.qos.logback.classic.encoder.PatternLayoutEncoder] for [encoder] property
20:48:50,678 |-INFO in ch.qos.logback.core.rolling.RollingFileAppender[file_Debug] - Active log file name: Logs/NPC_Process_Debug.log
20:48:50,678 |-INFO in ch.qos.logback.core.rolling.RollingFileAppender[file_Debug] - File property is set to [Logs/NPC_Process_Debug.log]
20:48:50,679 |-INFO in ch.qos.logback.core.joran.action.AppenderAction - About to instantiate appender of type [ch.qos.logback.core.rolling.RollingFileAppender]
20:48:50,679 |-INFO in ch.qos.logback.core.joran.action.AppenderAction - Naming appender as [File_Info]
20:48:50,680 |-INFO in c.q.l.core.rolling.SizeAndTimeBasedRollingPolicy@731260860 - setting totalSizeCap to 20 GB
20:48:50,680 |-INFO in c.q.l.core.rolling.SizeAndTimeBasedRollingPolicy@731260860 - Archive files will be limited to [10 MB] each.
20:48:50,680 |-INFO in c.q.l.core.rolling.SizeAndTimeBasedRollingPolicy@731260860 - No compression will be used
20:48:50,680 |-INFO in c.q.l.core.rolling.SizeAndTimeBasedRollingPolicy@731260860 - Will use the pattern Logs/Archived/NPC_Process_Info.%d{dd-MM-yyyy}.%i.log for the active file
20:48:50,681 |-INFO in ch.qos.logback.core.rolling.SizeAndTimeBasedFNATP@65e2dbf3 - The date pattern is &apos;dd-MM-yyyy&apos; from file name pattern &apos;Logs/Archived/NPC_Process_Info.%d{dd-MM-yyyy}.%i.log&apos;.
20:48:50,681 |-INFO in ch.qos.logback.core.rolling.SizeAndTimeBasedFNATP@65e2dbf3 - Roll-over at midnight.
20:48:50,681 |-INFO in ch.qos.logback.core.rolling.SizeAndTimeBasedFNATP@65e2dbf3 - Setting initial period to Wed Jun 03 20:48:30 EET 2020
20:48:50,683 |-INFO in ch.qos.logback.core.joran.action.NestedComplexPropertyIA - Assuming default type [ch.qos.logback.classic.encoder.PatternLayoutEncoder] for [encoder] property
20:48:50,683 |-INFO in ch.qos.logback.core.rolling.RollingFileAppender[File_Info] - Active log file name: Logs/NPC_Process_Info.log
20:48:50,683 |-INFO in ch.qos.logback.core.rolling.RollingFileAppender[File_Info] - File property is set to [Logs/NPC_Process_Info.log]
20:48:50,685 |-INFO in ch.qos.logback.classic.joran.action.LoggerAction - Setting level of logger [com.asset.vodafone.npc] to ALL
20:48:50,685 |-INFO in ch.qos.logback.classic.joran.action.LoggerAction - Setting additivity of logger [com.asset.vodafone.npc] to false
20:48:50,685 |-INFO in ch.qos.logback.core.joran.action.AppenderRefAction - Attaching appender named [FILE-Error] to Logger[com.asset.vodafone.npc]
20:48:50,686 |-INFO in ch.qos.logback.core.joran.action.AppenderRefAction - Attaching appender named [file_Debug] to Logger[com.asset.vodafone.npc]
20:48:50,686 |-INFO in ch.qos.logback.core.joran.action.AppenderRefAction - Attaching appender named [File_Info] to Logger[com.asset.vodafone.npc]
20:48:50,686 |-INFO in ch.qos.logback.core.joran.action.AppenderRefAction - Attaching appender named [STDOUT] to Logger[com.asset.vodafone.npc]
20:48:50,686 |-INFO in ch.qos.logback.classic.joran.action.RootLoggerAction - Setting level of ROOT logger to INFO
20:48:50,686 |-INFO in ch.qos.logback.core.joran.action.AppenderRefAction - Attaching appender named [file_Debug] to Logger[ROOT]
20:48:50,686 |-INFO in ch.qos.logback.core.joran.action.AppenderRefAction - Attaching appender named [FILE-Error] to Logger[ROOT]
20:48:50,686 |-INFO in ch.qos.logback.core.joran.action.AppenderRefAction - Attaching appender named [File_Info] to Logger[ROOT]
20:48:50,686 |-INFO in ch.qos.logback.core.joran.action.AppenderRefAction - Attaching appender named [STDOUT] to Logger[ROOT]
20:48:50,686 |-INFO in ch.qos.logback.classic.joran.action.ConfigurationAction - End of configuration.
20:48:50,687 |-INFO in ch.qos.logback.classic.joran.JoranConfigurator@4f970963 - Registering current configuration as safe fallback point

03-06-2020 20:48:50.695 DEBUG [main]  c.a.v.npc.core.service.NPCService.getDBConnection - Initializing Database Connection..
03-06-2020 20:48:58.523 INFO  [main]  o.s.c.a.AnnotationConfigApplicationContext.prepareRefresh - Refreshing org.springframework.context.annotation.AnnotationConfigApplicationContext@a9cd3b1: startup date [Wed Jun 03 20:48:58 EET 2020]; root of context hierarchy
03-06-2020 20:48:58.742 INFO  [main]  o.s.oxm.jaxb.Jaxb2Marshaller.createJaxbContextFromContextPath - Creating JAXBContext with context path [com.asset.vodafone.npc.webservice.wsdl]
03-06-2020 20:48:58.819 INFO  [main]  c.a.v.n.w.client.NPCWebserviceProxy.&lt;clinit&gt; - Verifying SSL certificate
03-06-2020 20:48:58.832 INFO  [main]  o.s.w.s.saaj.SaajSoapMessageFactory.afterPropertiesSet - Creating SAAJ 1.3 MessageFactory with SOAP 1.1 Protocol
03-06-2020 20:48:58.837 DEBUG [main]  c.a.v.n.w.c.NPCWebserviceProxyConfiguration.npcWebserviceInterfaceProxy - Start Marshalling Xml Message
03-06-2020 20:48:58.867 INFO  [main]  c.a.v.n.c.handler.NPCProcessHandler.sendMessage - Start Sending Request to NTRA for UserName : vodau1 
03-06-2020 20:48:58.868 INFO  [main]  c.a.v.n.c.handler.NPCProcessHandler.sendMessage - Calling NTRA Web Service  EndPoint : http://localhost:8080/NPC-SOAP/NPCWebService 
03-06-2020 20:48:58.869 DEBUG [main]  c.a.v.n.w.client.NPCWebserviceProxy.processNPCMsg - Start Connecting to NTRA Web Service 
03-06-2020 20:49:00.987 ERROR [main]  c.a.v.n.c.handler.NPCProcessHandler.sendMessage - Error In Sending npc Message
org.springframework.ws.client.WebServiceIOException: Error In Sending npc Message
	at com.asset.vodafone.npc.webservice.client.NPCWebserviceProxy.processNPCMsg(NPCWebserviceProxy.java:84)
	at com.asset.vodafone.npc.core.handler.NPCProcessHandler.sendMessage(NPCProcessHandler.java:166)
	at com.asset.vodafone.npc.core.handler.Test.TestNPCProcessHandler.testSendPendingMessage(TestNPCProcessHandler.java:101)
	at sun.reflect.NativeMethodAccessorImpl.invoke0(Native Method)
	at sun.reflect.NativeMethodAccessorImpl.invoke(NativeMethodAccessorImpl.java:62)
	at sun.reflect.DelegatingMethodAccessorImpl.invoke(DelegatingMethodAccessorImpl.java:43)
	at java.lang.reflect.Method.invoke(Method.java:497)
	at org.junit.runners.model.FrameworkMethod$1.runReflectiveCall(FrameworkMethod.java:50)
	at org.junit.internal.runners.model.ReflectiveCallable.run(ReflectiveCallable.java:12)
	at org.junit.runners.model.FrameworkMethod.invokeExplosively(FrameworkMethod.java:47)
	at org.junit.internal.runners.statements.InvokeMethod.evaluate(InvokeMethod.java:17)
	at org.junit.internal.runners.statements.RunBefores.evaluate(RunBefores.java:26)
	at org.junit.runners.ParentRunner.runLeaf(ParentRunner.java:325)
	at org.junit.runners.BlockJUnit4ClassRunner.runChild(BlockJUnit4ClassRunner.java:78)
	at org.junit.runners.BlockJUnit4ClassRunner.runChild(BlockJUnit4ClassRunner.java:57)
	at org.junit.runners.ParentRunner$3.run(ParentRunner.java:290)
	at org.junit.runners.ParentRunner$1.schedule(ParentRunner.java:71)
	at org.junit.runners.ParentRunner.runChildren(ParentRunner.java:288)
	at org.junit.runners.ParentRunner.access$000(ParentRunner.java:58)
	at org.junit.runners.ParentRunner$2.evaluate(ParentRunner.java:268)
	at org.junit.runners.ParentRunner.run(ParentRunner.java:363)
	at org.apache.maven.surefire.junit4.JUnit4Provider.execute(JUnit4Provider.java:252)
	at org.apache.maven.surefire.junit4.JUnit4Provider.executeTestSet(JUnit4Provider.java:141)
	at org.apache.maven.surefire.junit4.JUnit4Provider.invoke(JUnit4Provider.java:112)
	at sun.reflect.NativeMethodAccessorImpl.invoke0(Native Method)
	at sun.reflect.NativeMethodAccessorImpl.invoke(NativeMethodAccessorImpl.java:62)
	at sun.reflect.DelegatingMethodAccessorImpl.invoke(DelegatingMethodAccessorImpl.java:43)
	at java.lang.reflect.Method.invoke(Method.java:497)
	at org.apache.maven.surefire.util.ReflectionUtils.invokeMethodWithArray(ReflectionUtils.java:189)
	at org.apache.maven.surefire.booter.ProviderFactory$ProviderProxy.invoke(ProviderFactory.java:165)
	at org.apache.maven.surefire.booter.ProviderFactory.invokeProvider(ProviderFactory.java:85)
	at org.apache.maven.surefire.booter.ForkedBooter.runSuitesInProcess(ForkedBooter.java:115)
	at org.apache.maven.surefire.booter.ForkedBooter.main(ForkedBooter.java:75)
03-06-2020 20:49:00.988 INFO  [main]  o.s.c.a.AnnotationConfigApplicationContext.doClose - Closing org.springframework.context.annotation.AnnotationConfigApplicationContext@a9cd3b1: startup date [Wed Jun 03 20:48:58 EET 2020]; root of context hierarchy
</system-out>
  </testcase>
  <testcase classname="com.asset.vodafone.npc.core.handler.Test.TestNPCProcessHandler" name="testgetUnsentMessages" time="6.169"/>
  <testcase classname="com.asset.vodafone.npc.core.handler.Test.TestNPCProcessHandler" name="testEncryption" time="0.022">
    <failure message="Values should be different. Actual: 0" type="java.lang.AssertionError">java.lang.AssertionError: Values should be different. Actual: 0
	at org.junit.Assert.fail(Assert.java:88)
	at org.junit.Assert.failEquals(Assert.java:185)
	at org.junit.Assert.assertNotEquals(Assert.java:199)
	at org.junit.Assert.assertNotEquals(Assert.java:211)
	at com.asset.vodafone.npc.core.handler.Test.TestNPCProcessHandler.testEncryption(TestNPCProcessHandler.java:62)
	at sun.reflect.NativeMethodAccessorImpl.invoke0(Native Method)
	at sun.reflect.NativeMethodAccessorImpl.invoke(NativeMethodAccessorImpl.java:62)
	at sun.reflect.DelegatingMethodAccessorImpl.invoke(DelegatingMethodAccessorImpl.java:43)
	at java.lang.reflect.Method.invoke(Method.java:497)
	at org.junit.runners.model.FrameworkMethod$1.runReflectiveCall(FrameworkMethod.java:50)
	at org.junit.internal.runners.model.ReflectiveCallable.run(ReflectiveCallable.java:12)
	at org.junit.runners.model.FrameworkMethod.invokeExplosively(FrameworkMethod.java:47)
	at org.junit.internal.runners.statements.InvokeMethod.evaluate(InvokeMethod.java:17)
	at org.junit.internal.runners.statements.RunBefores.evaluate(RunBefores.java:26)
	at org.junit.runners.ParentRunner.runLeaf(ParentRunner.java:325)
	at org.junit.runners.BlockJUnit4ClassRunner.runChild(BlockJUnit4ClassRunner.java:78)
	at org.junit.runners.BlockJUnit4ClassRunner.runChild(BlockJUnit4ClassRunner.java:57)
	at org.junit.runners.ParentRunner$3.run(ParentRunner.java:290)
	at org.junit.runners.ParentRunner$1.schedule(ParentRunner.java:71)
	at org.junit.runners.ParentRunner.runChildren(ParentRunner.java:288)
	at org.junit.runners.ParentRunner.access$000(ParentRunner.java:58)
	at org.junit.runners.ParentRunner$2.evaluate(ParentRunner.java:268)
	at org.junit.runners.ParentRunner.run(ParentRunner.java:363)
	at org.apache.maven.surefire.junit4.JUnit4Provider.execute(JUnit4Provider.java:252)
	at org.apache.maven.surefire.junit4.JUnit4Provider.executeTestSet(JUnit4Provider.java:141)
	at org.apache.maven.surefire.junit4.JUnit4Provider.invoke(JUnit4Provider.java:112)
	at sun.reflect.NativeMethodAccessorImpl.invoke0(Native Method)
	at sun.reflect.NativeMethodAccessorImpl.invoke(NativeMethodAccessorImpl.java:62)
	at sun.reflect.DelegatingMethodAccessorImpl.invoke(DelegatingMethodAccessorImpl.java:43)
	at java.lang.reflect.Method.invoke(Method.java:497)
	at org.apache.maven.surefire.util.ReflectionUtils.invokeMethodWithArray(ReflectionUtils.java:189)
	at org.apache.maven.surefire.booter.ProviderFactory$ProviderProxy.invoke(ProviderFactory.java:165)
	at org.apache.maven.surefire.booter.ProviderFactory.invokeProvider(ProviderFactory.java:85)
	at org.apache.maven.surefire.booter.ForkedBooter.runSuitesInProcess(ForkedBooter.java:115)
	at org.apache.maven.surefire.booter.ForkedBooter.main(ForkedBooter.java:75)
</failure>
    <system-out>03-06-2020 20:49:07.184 DEBUG [main]  c.a.v.n.c.handler.NPCProcessHandler.encryptMode - voda
</system-out>
  </testcase>
</testsuite>